<?xml version="1.0" encoding="UTF-8"?>
<testng-results skipped="0" failed="0" ignored="0" total="1" passed="1">
  <reporter-output>
  </reporter-output>
  <suite name="Default suite" duration-ms="10386" started-at="2019-04-26T05:41:10Z" finished-at="2019-04-26T05:41:21Z">
    <groups>
    </groups>
    <test name="Default test" duration-ms="10386" started-at="2019-04-26T05:41:10Z" finished-at="2019-04-26T05:41:21Z">
      <class name="package2.sample1">
        <test-method status="PASS" signature="run()[pri:0, instance:package2.sample1@4520ebad]" name="run" duration-ms="10336" started-at="2019-04-26T05:41:10Z" finished-at="2019-04-26T05:41:21Z">
          <reporter-output>
          </reporter-output>
        </test-method> <!-- run -->
      </class> <!-- package2.sample1 -->
    </test> <!-- Default test -->
  </suite> <!-- Default suite -->
</testng-results>
